2026-01-14 16:54:17.720 [INFO] c.m.a.service.BankAccountService - Creating account for owner: John Doe
2026-01-14 16:54:17.723 [INFO] c.m.a.service.BankAccountService - Account ACC001 created successfully for John Doe
2026-01-14 16:54:17.723 [INFO] c.m.a.service.BankAccountService - Creating account for owner: Jane Smith
2026-01-14 16:54:17.723 [INFO] c.m.a.service.BankAccountService - Account ACC002 created successfully for Jane Smith
2026-01-14 16:54:17.724 [INFO] c.m.a.service.BankAccountService - Transfer request: ACC001 -> ACC002, amount: 3000.0
2026-01-14 16:54:17.725 [INFO] c.m.a.service.BankAccountService - Transfer successful: ACC001 -> ACC002, amount: 3000.0
2026-01-14 16:54:17.726 [INFO] c.m.a.service.BankAccountService - Transfer request: ACC001 -> ACC999, amount: 1000.0
2026-01-14 16:54:17.726 [WARN] c.m.a.service.BankAccountService - Transfer failed: destination account ACC999 not found
2026-01-14 16:54:17.727 [INFO] c.m.a.service.BankAccountService - Transfer request: ACC001 -> ACC002, amount: -500.0
2026-01-14 16:54:17.728 [WARN] c.m.a.service.BankAccountService - Transfer failed: invalid amount -500.0
2026-01-14 16:54:17.731 [INFO] c.m.a.service.BankAccountService - Transfer request: ACC001 -> ACC001, amount: 1000.0
2026-01-14 16:54:17.731 [WARN] c.m.a.service.BankAccountService - Transfer failed: same source and destination account ACC001
2026-01-14 16:54:17.732 [INFO] c.m.a.service.BankAccountService - Transfer request: ACC999 -> ACC002, amount: 1000.0
2026-01-14 16:54:17.732 [WARN] c.m.a.service.BankAccountService - Transfer failed: source account ACC999 not found
2026-01-14 16:54:17.733 [INFO] c.m.a.service.BankAccountService - Transfer request: ACC002 -> ACC001, amount: 50000.0
2026-01-14 16:54:17.733 [WARN] c.m.a.service.BankAccountService - Transfer failed : insufficient funds in account ACC002,  Balance: 8000.0, Required: 50000.0
2026-01-14 16:54:17.733 [INFO] c.m.a.service.BankAccountService - Creating account for owner: Bob Johnson
2026-01-14 16:54:17.734 [WARN] c.m.a.service.BankAccountService - Account creation failed: account ACC001 already exists
2026-01-14 16:54:17.734 [INFO] c.m.a.service.BankAccountService - Creating account for owner: Alice Brown
2026-01-14 16:54:17.734 [WARN] c.m.a.service.BankAccountService - Account creation failed: account number is null or empty
2026-01-14 16:54:17.735 [INFO] c.m.a.service.BankAccountService - Creating account for owner: 
2026-01-14 16:54:17.735 [WARN] c.m.a.service.BankAccountService - Account creation failed: owner name is null or empty
2026-01-14 16:54:17.736 [INFO] c.m.a.service.BankAccountService - Creating account for owner: Charlie Wilson
2026-01-14 16:54:17.736 [WARN] c.m.a.service.BankAccountService - Account creation failed: invalid initial balance -1000.0
